============================= test session starts ==============================
collecting ... collected 31 items

tests/test_412_vs_510_scaling.py::test_d412_manifest_integrity PASSED    [  3%]
tests/test_412_vs_510_scaling.py::test_d98_manifest_canonical_seal PASSED [  6%]
tests/test_412_vs_510_scaling.py::test_d510_is_disjoint_union PASSED     [  9%]
tests/test_412_vs_510_scaling.py::test_manifest_audit_pass PASSED        [ 12%]
tests/test_412_vs_510_scaling.py::test_baseline_audit_strict PASSED      [ 16%]
tests/test_412_vs_510_scaling.py::test_primary_seed_metrics_complete PASSED [ 19%]
tests/test_412_vs_510_scaling.py::test_primary_model_metrics PASSED      [ 22%]
tests/test_412_vs_510_scaling.py::test_subject_predictions_full_coverage PASSED [ 25%]
tests/test_412_vs_510_scaling.py::test_predictions_pairing_same_eval_subjects PASSED [ 29%]
tests/test_412_vs_510_scaling.py::test_regimes_actually_differ PASSED    [ 32%]
tests/test_412_vs_510_scaling.py::test_paired_bootstrap_schema PASSED    [ 35%]
tests/test_412_vs_510_scaling.py::test_bootstrap_observed_delta_identity PASSED [ 38%]
tests/test_412_vs_510_scaling.py::test_bootstrap_seed_deterministic PASSED [ 41%]
tests/test_412_vs_510_scaling.py::test_method_effects_complete PASSED    [ 45%]
tests/test_412_vs_510_scaling.py::test_sample_size_interactions_complete PASSED [ 48%]
tests/test_412_vs_510_scaling.py::test_learning_curve_labels_and_runs PASSED [ 51%]
tests/test_412_vs_510_scaling.py::test_stability_counts_consistent PASSED [ 54%]
tests/test_412_vs_510_scaling.py::test_faithfulness_abstain_consistency PASSED [ 58%]
tests/test_412_vs_510_scaling.py::test_faithfulness_sign_convention PASSED [ 61%]
tests/test_412_vs_510_scaling.py::test_ablation_groups_complete PASSED   [ 64%]
tests/test_412_vs_510_scaling.py::test_secondary_510_cv PASSED           [ 67%]
tests/test_412_vs_510_scaling.py::test_no_nan_key_tables PASSED          [ 70%]
tests/test_412_vs_510_scaling.py::test_learning_curve_monotone_check_is_reported PASSED [ 74%]
tests/test_412_vs_510_scaling.py::test_checkpoint_expert_invariants PASSED [ 77%]
tests/test_412_vs_510_scaling.py::test_test_folds_partition_d412 PASSED  [ 80%]
tests/test_412_vs_510_scaling.py::test_study_status_discloses_exploratory PASSED [ 83%]
tests/test_412_vs_510_scaling.py::test_trigger_discipline PASSED         [ 87%]
tests/test_412_vs_510_scaling.py::test_plots_and_supplementary_exist PASSED [ 90%]
tests/test_412_vs_510_scaling.py::test_complete_and_runtime_artifacts PASSED [ 93%]
tests/test_412_vs_510_scaling.py::test_prior_phase_outputs_preserved PASSED [ 96%]
tests/test_412_vs_510_scaling.py::test_buggy_module_not_used PASSED      [100%]

============================== 31 passed in 2.24s ==============================
